# JRE version: OpenJDK Runtime Environment Temurin-21.0.5+11 (21.0.5+11) (build 21.0.5+11-LTS)
# Java VM: OpenJDK 64-Bit Server VM Temurin-21.0.5+11 (21.0.5+11-LTS, mixed mode, sharing, tiered, compressed oops, compressed class ptrs, parallel gc, windows-amd64)
GC Precious Log:
 CardTable entry size: 512
 CPUs: 12 total, 12 available
 Memory: 20164M
 Large Page Support: Disabled
 NUMA Support: Disabled
 Compressed Oops: Enabled (32-bit)
 Alignments: Space 512K, Generation 512K, Heap 2M
 Heap Min Capacity: 100M
 Heap Initial Capacity: 100M
 Heap Max Capacity: 1G
 Pre-touch: Disabled
 Parallel Workers: 10
Heap:
 PSYoungGen      total 5120K, used 5087K [0x00000000eab00000, 0x00000000eb500000, 0x0000000100000000)
  eden space 4096K, 99% used [0x00000000eab00000,0x00000000eaefffa0,0x00000000eaf00000)
  from space 1024K, 96% used [0x00000000eb400000,0x00000000eb4f8000,0x00000000eb500000)
  to   space 1536K, 98% used [0x00000000eb200000,0x00000000eb37a1a0,0x00000000eb380000)
 ParOldGen       total 352256K, used 352091K [0x00000000c0000000, 0x00000000d5800000, 0x00000000eab00000)
  object space 352256K, 99% used [0x00000000c0000000,0x00000000d57d6de8,0x00000000d5800000)
 Metaspace       used 66994K, committed 68480K, reserved 1114112K
  class space    used 7006K, committed 7616K, reserved 1048576K
GC Heap History (20 events):
Event: 22.069 GC heap before
{Heap before GC invocations=396 (full 3):
 PSYoungGen      total 9728K, used 9436K [0x00000000eab00000, 0x00000000eb900000, 0x0000000100000000)
  eden space 7168K, 100% used [0x00000000eab00000,0x00000000eb200000,0x00000000eb200000)
  from space 2560K, 88% used [0x00000000eb680000,0x00000000eb8b70b8,0x00000000eb900000)
  to   space 3072K, 0% used [0x00000000eb300000,0x00000000eb300000,0x00000000eb600000)
 ParOldGen       total 325632K, used 325213K [0x00000000c0000000, 0x00000000d3e00000, 0x00000000eab00000)
  object space 325632K, 99% used [0x00000000c0000000,0x00000000d3d97580,0x00000000d3e00000)
 Metaspace       used 66077K, committed 67520K, reserved 1114112K
  class space    used 6899K, committed 7488K, reserved 1048576K
}
Event: 22.072 GC heap after
{Heap after GC invocations=396 (full 3):
 PSYoungGen      total 11264K, used 2759K [0x00000000eab00000, 0x00000000eb980000, 0x0000000100000000)
  eden space 8192K, 0% used [0x00000000eab00000,0x00000000eab00000,0x00000000eb300000)
  from space 3072K, 89% used [0x00000000eb300000,0x00000000eb5b1fb8,0x00000000eb600000)
  to   space 3072K, 0% used [0x00000000eb680000,0x00000000eb680000,0x00000000eb980000)
 ParOldGen       total 327680K, used 327339K [0x00000000c0000000, 0x00000000d4000000, 0x00000000eab00000)
  object space 327680K, 99% used [0x00000000c0000000,0x00000000d3faaec8,0x00000000d4000000)
 Metaspace       used 66077K, committed 67520K, reserved 1114112K
  class space    used 6899K, committed 7488K, reserved 1048576K
}
Event: 22.081 GC heap before
{Heap before GC invocations=397 (full 3):
 PSYoungGen      total 11264K, used 10907K [0x00000000eab00000, 0x00000000eb980000, 0x0000000100000000)
  eden space 8192K, 99% used [0x00000000eab00000,0x00000000eb2f4ce8,0x00000000eb300000)
  from space 3072K, 89% used [0x00000000eb300000,0x00000000eb5b1fb8,0x00000000eb600000)
  to   space 3072K, 0% used [0x00000000eb680000,0x00000000eb680000,0x00000000eb980000)
 ParOldGen       total 327680K, used 327339K [0x00000000c0000000, 0x00000000d4000000, 0x00000000eab00000)
  object space 327680K, 99% used [0x00000000c0000000,0x00000000d3faaec8,0x00000000d4000000)
 Metaspace       used 66077K, committed 67520K, reserved 1114112K
  class space    used 6899K, committed 7488K, reserved 1048576K
}
Event: 22.084 GC heap after
{Heap after GC invocations=397 (full 3):
 PSYoungGen      total 11264K, used 3064K [0x00000000eab00000, 0x00000000ebc00000, 0x0000000100000000)
  eden space 8192K, 0% used [0x00000000eab00000,0x00000000eab00000,0x00000000eb300000)
  from space 3072K, 99% used [0x00000000eb680000,0x00000000eb97e2a0,0x00000000eb980000)
  to   space 3584K, 0% used [0x00000000eb300000,0x00000000eb300000,0x00000000eb680000)
 ParOldGen       total 330752K, used 330296K [0x00000000c0000000, 0x00000000d4300000, 0x00000000eab00000)
  object space 330752K, 99% used [0x00000000c0000000,0x00000000d428e390,0x00000000d4300000)
 Metaspace       used 66077K, committed 67520K, reserved 1114112K
  class space    used 6899K, committed 7488K, reserved 1048576K
}
Event: 22.093 GC heap before
{Heap before GC invocations=398 (full 3):
 PSYoungGen      total 11264K, used 11256K [0x00000000eab00000, 0x00000000ebc00000, 0x0000000100000000)
  eden space 8192K, 100% used [0x00000000eab00000,0x00000000eb300000,0x00000000eb300000)
  from space 3072K, 99% used [0x00000000eb680000,0x00000000eb97e2a0,0x00000000eb980000)
  to   space 3584K, 0% used [0x00000000eb300000,0x00000000eb300000,0x00000000eb680000)
 ParOldGen       total 330752K, used 330296K [0x00000000c0000000, 0x00000000d4300000, 0x00000000eab00000)
  object space 330752K, 99% used [0x00000000c0000000,0x00000000d428e390,0x00000000d4300000)
 Metaspace       used 66077K, committed 67520K, reserved 1114112K
  class space    used 6899K, committed 7488K, reserved 1048576K
}
Event: 22.097 GC heap after
{Heap after GC invocations=398 (full 3):
 PSYoungGen      total 11776K, used 3583K [0x00000000eab00000, 0x00000000ebd00000, 0x0000000100000000)
  eden space 8192K, 0% used [0x00000000eab00000,0x00000000eab00000,0x00000000eb300000)
  from space 3584K, 99% used [0x00000000eb300000,0x00000000eb67fdd8,0x00000000eb680000)
  to   space 4096K, 0% used [0x00000000eb900000,0x00000000eb900000,0x00000000ebd00000)
 ParOldGen       total 333312K, used 333200K [0x00000000c0000000, 0x00000000d4580000, 0x00000000eab00000)
  object space 333312K, 99% used [0x00000000c0000000,0x00000000d4564370,0x00000000d4580000)
 Metaspace       used 66077K, committed 67520K, reserved 1114112K
  class space    used 6899K, committed 7488K, reserved 1048576K
}
Event: 22.107 GC heap before
{Heap before GC invocations=399 (full 3):
 PSYoungGen      total 11776K, used 11775K [0x00000000eab00000, 0x00000000ebd00000, 0x0000000100000000)
  eden space 8192K, 100% used [0x00000000eab00000,0x00000000eb300000,0x00000000eb300000)
  from space 3584K, 99% used [0x00000000eb300000,0x00000000eb67fdd8,0x00000000eb680000)
  to   space 4096K, 0% used [0x00000000eb900000,0x00000000eb900000,0x00000000ebd00000)
 ParOldGen       total 333312K, used 333200K [0x00000000c0000000, 0x00000000d4580000, 0x00000000eab00000)
  object space 333312K, 99% used [0x00000000c0000000,0x00000000d4564370,0x00000000d4580000)
 Metaspace       used 66077K, committed 67520K, reserved 1114112K
  class space    used 6899K, committed 7488K, reserved 1048576K
}
Event: 22.110 GC heap after
{Heap after GC invocations=399 (full 3):
 PSYoungGen      total 13824K, used 3346K [0x00000000eab00000, 0x00000000ebc80000, 0x0000000100000000)
  eden space 10240K, 0% used [0x00000000eab00000,0x00000000eab00000,0x00000000eb500000)
  from space 3584K, 93% used [0x00000000eb900000,0x00000000ebc449a0,0x00000000ebc80000)
  to   space 3584K, 0% used [0x00000000eb580000,0x00000000eb580000,0x00000000eb900000)
 ParOldGen       total 336896K, used 336629K [0x00000000c0000000, 0x00000000d4900000, 0x00000000eab00000)
  object space 336896K, 99% used [0x00000000c0000000,0x00000000d48bd6f8,0x00000000d4900000)
 Metaspace       used 66077K, committed 67520K, reserved 1114112K
  class space    used 6899K, committed 7488K, reserved 1048576K
}
Event: 22.230 GC heap before
{Heap before GC invocations=400 (full 3):
 PSYoungGen      total 13824K, used 13586K [0x00000000eab00000, 0x00000000ebc80000, 0x0000000100000000)
  eden space 10240K, 100% used [0x00000000eab00000,0x00000000eb500000,0x00000000eb500000)
  from space 3584K, 93% used [0x00000000eb900000,0x00000000ebc449a0,0x00000000ebc80000)
  to   space 3584K, 0% used [0x00000000eb580000,0x00000000eb580000,0x00000000eb900000)
 ParOldGen       total 336896K, used 336629K [0x00000000c0000000, 0x00000000d4900000, 0x00000000eab00000)
  object space 336896K, 99% used [0x00000000c0000000,0x00000000d48bd6f8,0x00000000d4900000)
 Metaspace       used 66086K, committed 67520K, reserved 1114112K
  class space    used 6899K, committed 7488K, reserved 1048576K
}
Event: 22.235 GC heap after
{Heap after GC invocations=400 (full 3):
 PSYoungGen      total 13312K, used 2917K [0x00000000eab00000, 0x00000000ebc00000, 0x0000000100000000)
  eden space 10240K, 0% used [0x00000000eab00000,0x00000000eab00000,0x00000000eb500000)
  from space 3072K, 94% used [0x00000000eb580000,0x00000000eb8595f8,0x00000000eb880000)
  to   space 3584K, 0% used [0x00000000eb880000,0x00000000eb880000,0x00000000ebc00000)
 ParOldGen       total 339968K, used 339850K [0x00000000c0000000, 0x00000000d4c00000, 0x00000000eab00000)
  object space 339968K, 99% used [0x00000000c0000000,0x00000000d4be2958,0x00000000d4c00000)
 Metaspace       used 66086K, committed 67520K, reserved 1114112K
  class space    used 6899K, committed 7488K, reserved 1048576K
}
Event: 22.621 GC heap before
{Heap before GC invocations=401 (full 3):
 PSYoungGen      total 13312K, used 13157K [0x00000000eab00000, 0x00000000ebc00000, 0x0000000100000000)
  eden space 10240K, 100% used [0x00000000eab00000,0x00000000eb500000,0x00000000eb500000)
  from space 3072K, 94% used [0x00000000eb580000,0x00000000eb8595f8,0x00000000eb880000)
  to   space 3584K, 0% used [0x00000000eb880000,0x00000000eb880000,0x00000000ebc00000)
 ParOldGen       total 339968K, used 339850K [0x00000000c0000000, 0x00000000d4c00000, 0x00000000eab00000)
  object space 339968K, 99% used [0x00000000c0000000,0x00000000d4be2958,0x00000000d4c00000)
 Metaspace       used 66240K, committed 67648K, reserved 1114112K
  class space    used 6910K, committed 7488K, reserved 1048576K
}
Event: 22.627 GC heap after
{Heap after GC invocations=401 (full 3):
 PSYoungGen      total 7680K, used 3561K [0x00000000eab00000, 0x00000000ec800000, 0x0000000100000000)
  eden space 4096K, 0% used [0x00000000eab00000,0x00000000eab00000,0x00000000eaf00000)
  from space 3584K, 99% used [0x00000000eb880000,0x00000000ebbfa7d0,0x00000000ebc00000)
  to   space 9728K, 0% used [0x00000000eaf00000,0x00000000eaf00000,0x00000000eb880000)
 ParOldGen       total 345088K, used 344897K [0x00000000c0000000, 0x00000000d5100000, 0x00000000eab00000)
  object space 345088K, 99% used [0x00000000c0000000,0x00000000d50d0790,0x00000000d5100000)
 Metaspace       used 66240K, committed 67648K, reserved 1114112K
  class space    used 6910K, committed 7488K, reserved 1048576K
}
Event: 22.733 GC heap before
{Heap before GC invocations=402 (full 3):
 PSYoungGen      total 7680K, used 7657K [0x00000000eab00000, 0x00000000ec800000, 0x0000000100000000)
  eden space 4096K, 100% used [0x00000000eab00000,0x00000000eaf00000,0x00000000eaf00000)
  from space 3584K, 99% used [0x00000000eb880000,0x00000000ebbfa7d0,0x00000000ebc00000)
  to   space 9728K, 0% used [0x00000000eaf00000,0x00000000eaf00000,0x00000000eb880000)
 ParOldGen       total 345088K, used 344897K [0x00000000c0000000, 0x00000000d5100000, 0x00000000eab00000)
  object space 345088K, 99% used [0x00000000c0000000,0x00000000d50d0790,0x00000000d5100000)
 Metaspace       used 66606K, committed 68032K, reserved 1114112K
  class space    used 6958K, committed 7552K, reserved 1048576K
}
Event: 22.739 GC heap after
{Heap after GC invocations=402 (full 3):
 PSYoungGen      total 6144K, used 1720K [0x00000000eab00000, 0x00000000eb900000, 0x0000000100000000)
  eden space 4096K, 0% used [0x00000000eab00000,0x00000000eab00000,0x00000000eaf00000)
  from space 2048K, 83% used [0x00000000eaf00000,0x00000000eb0ae000,0x00000000eb100000)
  to   space 4608K, 0% used [0x00000000eb480000,0x00000000eb480000,0x00000000eb900000)
 ParOldGen       total 348160K, used 348044K [0x00000000c0000000, 0x00000000d5400000, 0x00000000eab00000)
  object space 348160K, 99% used [0x00000000c0000000,0x00000000d53e3360,0x00000000d5400000)
 Metaspace       used 66606K, committed 68032K, reserved 1114112K
  class space    used 6958K, committed 7552K, reserved 1048576K
}
Event: 22.811 GC heap before
{Heap before GC invocations=403 (full 3):
 PSYoungGen      total 6144K, used 5552K [0x00000000eab00000, 0x00000000eb900000, 0x0000000100000000)
  eden space 4096K, 93% used [0x00000000eab00000,0x00000000eaebe278,0x00000000eaf00000)
  from space 2048K, 83% used [0x00000000eaf00000,0x00000000eb0ae000,0x00000000eb100000)
  to   space 4608K, 0% used [0x00000000eb480000,0x00000000eb480000,0x00000000eb900000)
 ParOldGen       total 348160K, used 348044K [0x00000000c0000000, 0x00000000d5400000, 0x00000000eab00000)
  object space 348160K, 99% used [0x00000000c0000000,0x00000000d53e3360,0x00000000d5400000)
 Metaspace       used 66828K, committed 68224K, reserved 1114112K
  class space    used 6979K, committed 7552K, reserved 1048576K
}
Event: 22.815 GC heap after
{Heap after GC invocations=403 (full 3):
 PSYoungGen      total 5632K, used 1198K [0x00000000eab00000, 0x00000000eb600000, 0x0000000100000000)
  eden space 4096K, 0% used [0x00000000eab00000,0x00000000eab00000,0x00000000eaf00000)
  from space 1536K, 77% used [0x00000000eb480000,0x00000000eb5ab820,0x00000000eb600000)
  to   space 2048K, 0% used [0x00000000eb200000,0x00000000eb200000,0x00000000eb400000)
 ParOldGen       total 349696K, used 349623K [0x00000000c0000000, 0x00000000d5580000, 0x00000000eab00000)
  object space 349696K, 99% used [0x00000000c0000000,0x00000000d556dcf8,0x00000000d5580000)
 Metaspace       used 66828K, committed 68224K, reserved 1114112K
  class space    used 6979K, committed 7552K, reserved 1048576K
}
Event: 22.864 GC heap before
{Heap before GC invocations=404 (full 3):
 PSYoungGen      total 5632K, used 5164K [0x00000000eab00000, 0x00000000eb600000, 0x0000000100000000)
  eden space 4096K, 96% used [0x00000000eab00000,0x00000000eaedf7f0,0x00000000eaf00000)
  from space 1536K, 77% used [0x00000000eb480000,0x00000000eb5ab820,0x00000000eb600000)
  to   space 2048K, 0% used [0x00000000eb200000,0x00000000eb200000,0x00000000eb400000)
 ParOldGen       total 349696K, used 349623K [0x00000000c0000000, 0x00000000d5580000, 0x00000000eab00000)
  object space 349696K, 99% used [0x00000000c0000000,0x00000000d556dcf8,0x00000000d5580000)
 Metaspace       used 66892K, committed 68352K, reserved 1114112K
  class space    used 6992K, committed 7616K, reserved 1048576K
}
Event: 22.868 GC heap after
{Heap after GC invocations=404 (full 3):
 PSYoungGen      total 6144K, used 1538K [0x00000000eab00000, 0x00000000eb500000, 0x0000000100000000)
  eden space 4096K, 0% used [0x00000000eab00000,0x00000000eab00000,0x00000000eaf00000)
  from space 2048K, 75% used [0x00000000eb200000,0x00000000eb380b40,0x00000000eb400000)
  to   space 1024K, 0% used [0x00000000eb400000,0x00000000eb400000,0x00000000eb500000)
 ParOldGen       total 350720K, used 350712K [0x00000000c0000000, 0x00000000d5680000, 0x00000000eab00000)
  object space 350720K, 99% used [0x00000000c0000000,0x00000000d567e328,0x00000000d5680000)
 Metaspace       used 66892K, committed 68352K, reserved 1114112K
  class space    used 6992K, committed 7616K, reserved 1048576K
}
Event: 22.914 GC heap before
{Heap before GC invocations=405 (full 3):
 PSYoungGen      total 6144K, used 5540K [0x00000000eab00000, 0x00000000eb500000, 0x0000000100000000)
  eden space 4096K, 97% used [0x00000000eab00000,0x00000000eaee8850,0x00000000eaf00000)
  from space 2048K, 75% used [0x00000000eb200000,0x00000000eb380b40,0x00000000eb400000)
  to   space 1024K, 0% used [0x00000000eb400000,0x00000000eb400000,0x00000000eb500000)
 ParOldGen       total 350720K, used 350712K [0x00000000c0000000, 0x00000000d5680000, 0x00000000eab00000)
  object space 350720K, 99% used [0x00000000c0000000,0x00000000d567e328,0x00000000d5680000)
 Metaspace       used 66893K, committed 68352K, reserved 1114112K
  class space    used 6992K, committed 7616K, reserved 1048576K
}
Event: 22.917 GC heap after
{Heap after GC invocations=405 (full 3):
 PSYoungGen      total 5120K, used 992K [0x00000000eab00000, 0x00000000eb500000, 0x0000000100000000)
  eden space 4096K, 0% used [0x00000000eab00000,0x00000000eab00000,0x00000000eaf00000)
  from space 1024K, 96% used [0x00000000eb400000,0x00000000eb4f8000,0x00000000eb500000)
  to   space 1536K, 0% used [0x00000000eb200000,0x00000000eb200000,0x00000000eb380000)
 ParOldGen       total 352256K, used 351923K [0x00000000c0000000, 0x00000000d5800000, 0x00000000eab00000)
  object space 352256K, 99% used [0x00000000c0000000,0x00000000d57acdc8,0x00000000d5800000)
 Metaspace       used 66893K, committed 68352K, reserved 1114112K
  class space    used 6992K, committed 7616K, reserved 1048576K
}

